[     108ms] [ERROR] Failed to load resource: the server responded with a status of 404 (NOT FOUND) @ http://localhost:5002/ajax-api/2.0/mlflow/experiments/get?experiment_id=528071818820114389:0
[     108ms] [ERROR] Fetch failed:  Response @ http://localhost:5002/static-files/static/js/main.cc3a4d63.js:1
[     116ms] [ERROR] i @ http://localhost:5002/static-files/static/js/main.cc3a4d63.js:1
[  154599ms] [ERROR] Failed to load resource: net::ERR_CONNECTION_REFUSED @ http://localhost:5002/ajax-api/2.0/mlflow/runs/search:0
[  154599ms] [ERROR] Fetch failed:  TypeError: Failed to fetch
    at http://localhost:5002/static-files/static/js/main.cc3a4d63.js:2:1553257
    at http://localhost:5002/static-files/static/js/main.cc3a4d63.js:2:1553269
    at v (http://localhost:5002/static-files/static/js/main.cc3a4d63.js:2:1552454)
    at http://localhost:5002/static-files/static/js/main.cc3a4d63.js:2:1552917
    at new Promise (<anonymous>)
    at y (http://localhost:5002/static-files/static/js/main.cc3a4d63.js:2:1552897)
    at E (http://localhost:5002/static-files/static/js/main.cc3a4d63.js:2:1554054)
    at a.searchRuns (http://localhost:5002/static-files/static/js/main.cc3a4d63.js:2:1655475)
    at I (http://localhost:5002/static-files/static/js/main.cc3a4d63.js:2:1334830)
    at N (http://localhost:5002/static-files/static/js/main.cc3a4d63.js:2:1335700) @ http://localhost:5002/static-files/static/js/main.cc3a4d63.js:1
[  154601ms] [ERROR] i @ http://localhost:5002/static-files/static/js/main.cc3a4d63.js:1
[  184609ms] [ERROR] Failed to load resource: net::ERR_CONNECTION_REFUSED @ http://localhost:5002/ajax-api/2.0/mlflow/runs/search:0
[  184609ms] [ERROR] Fetch failed:  TypeError: Failed to fetch
    at http://localhost:5002/static-files/static/js/main.cc3a4d63.js:2:1553257
    at http://localhost:5002/static-files/static/js/main.cc3a4d63.js:2:1553269
    at v (http://localhost:5002/static-files/static/js/main.cc3a4d63.js:2:1552454)
    at http://localhost:5002/static-files/static/js/main.cc3a4d63.js:2:1552917
    at new Promise (<anonymous>)
    at y (http://localhost:5002/static-files/static/js/main.cc3a4d63.js:2:1552897)
    at E (http://localhost:5002/static-files/static/js/main.cc3a4d63.js:2:1554054)
    at a.searchRuns (http://localhost:5002/static-files/static/js/main.cc3a4d63.js:2:1655475)
    at I (http://localhost:5002/static-files/static/js/main.cc3a4d63.js:2:1334830)
    at N (http://localhost:5002/static-files/static/js/main.cc3a4d63.js:2:1335700) @ http://localhost:5002/static-files/static/js/main.cc3a4d63.js:1
[  184610ms] [ERROR] i @ http://localhost:5002/static-files/static/js/main.cc3a4d63.js:1
